#
# There is insufficient memory for the Java Runtime Environment to continue.
# Native memory allocation (mmap) failed to map 65536 bytes for Failed to commit metaspace.
# Possible reasons:
#   The system is out of physical RAM or swap space
#   The process is running with CompressedOops enabled, and the Java Heap may be blocking the growth of the native heap
# Possible solutions:
#   Reduce memory load on the system
#   Increase physical memory or swap space
#   Check if swap backing store is full
#   Decrease Java heap size (-Xmx/-Xms)
#   Decrease number of Java threads
#   Decrease Java thread stack sizes (-Xss)
#   Set larger code cache with -XX:ReservedCodeCacheSize=
#   JVM is running with Unscaled Compressed Oops mode in which the Java heap is
#     placed in the first 4GB address space. The Java Heap base address is the
#     maximum limit for the native heap growth. Please use -XX:HeapBaseMinAddress
#     to set the Java Heap base and to place the Java Heap above 4GB virtual address.
# This output file may be truncated or incomplete.
#
#  Out of Memory Error (virtualSpaceNode.cpp:110), pid=3448, tid=11832
#
# JRE version: Java(TM) SE Runtime Environment (17.0.12+8) (build 17.0.12+8-LTS-286)
# Java VM: Java HotSpot(TM) 64-Bit Server VM (17.0.12+8-LTS-286, mixed mode, sharing, tiered, compressed oops, compressed class ptrs, g1 gc, windows-amd64)
# No core dump will be written. Minidumps are not enabled by default on client versions of Windows
#

---------------  S U M M A R Y ------------

Command Line: -Dapplication.home=C:\Program Files\Java\jdk-17 --add-modules=ALL-DEFAULT -Xms8m -Djdk.module.main=jdk.compiler jdk.compiler/com.sun.tools.javac.Main @C:/Users/user/AppData/Local/Temp/org.codehaus.plexus.compiler.javac.JavacCompiler10004181120447036892arguments

Host: Intel(R) Core(TM) i7 CPU       L 640  @ 2.13GHz, 4 cores, 7G,  Windows 7 , 64 bit Build 7601 (6.1.7601.18409)
Time: Fri Jul 25 15:04:25 2025 Paris, Madrid (heure dild 7601 (6.1.7601.18409) elapsed time: 17.640890 seconds (0d 0h 0m 17s)

---------------  T H R E A D  ---------------

Current thread (0x000000000048b7b0):  JavaThread "main" [_thread_in_vm, id=11832, stack(0x0000000002240000,0x0000000002340000)]

Stack: [0x0000000002240000,0x0000000002340000]
Native frames: (J=compiled Java code, j=interpreted, Vv=VM code, C=native code)
V  [jvm.dll+0x67a04a]
V  [jvm.dll+0x7da4ed]
V  [jvm.dll+0x7dbe33]
V  [jvm.dll+0x7dc4a3]
V  [jvm.dll+0x24508f]
V  [jvm.dll+0x7d60bb]
V  [jvm.dll+0x6206c6]
V  [jvm.dll+0x1bed07]
V  [jvm.dll+0x623022]
V  [jvm.dll+0x621086]
V  [jvm.dll+0x2429bc]
V  [jvm.dll+0x6d0a9d]
V  [jvm.dll+0x6d146f]
V  [jvm.dll+0x36e355]
V  [jvm.dll+0x36d404]
V  [jvm.dll+0x36d3a8]
V  [jvm.dll+0x37d0ca]
C  0x000000001158b32d

Java frames: (J=compiled Java code, j=interpreted, Vv=VM code)
j  com.sun.tools.javac.jvm.ClassReader.sigToType()Lcom/sun/tools/javac/code/Type;+641 jdk.compiler@17.0.12
j  com.sun.tools.javac.jvm.ClassReader.sigToType([BII)Lcom/sun/tools/javac/code/Type;+18 jdk.compiler@17.0.12
j  com.sun.tools.javac.jvm.PoolReader$$Lambda$153+0x0000000022115cb0.map([BII)Ljava/lang/Object;+7 jdk.compiler@17.0.12
j  com.sun.tools.javac.util.Name.map(Lcom/sun/tools/javac/util/Name$NameMapper;)Ljava/lang/Object;+13 jdk.compiler@17.0.12
j  com.sun.tools.javac.jvm.PoolReader.getType(I)Lcom/sun/tools/javac/code/Type;+19 jdk.compiler@17.0.12
j  com.sun.tools.javac.jvm.ClassReader.readField()Lcom/sun/tools/javac/code/Symbol$VarSymbol;+30 jdk.compiler@17.0.12
j  com.sun.tools.javac.jvm.ClassReader.readClass(Lcom/sun/tools/javac/code/Symbol$ClassSymbol;)V+545 jdk.compiler@17.0.12
j  com.sun.tools.javac.jvm.ClassReader.readClassBuffer(Lcom/sun/tools/javac/code/Symbol$ClassSymbol;)V+324 jdk.compiler@17.0.12
j  com.sun.tools.javac.jvm.ClassReader.readClassFile(Lcom/sun/tools/javac/code/Symbol$ClassSymbol;)V+67 jdk.compiler@17.0.12
j  com.sun.tools.javac.code.ClassFinder.fillIn(Lcom/sun/tools/javac/code/Symbol$ClassSymbol;)V+164 jdk.compiler@17.0.12
j  com.sun.tools.javac.code.ClassFinder.complete(Lcom/sun/tools/javac/code/Symbol;)V+60 jdk.compiler@17.0.12
j  com.sun.tools.javac.code.ClassFinder$$Lambda$65+0x000000002209d440.complete(Lcom/sun/tools/javac/code/Symbol;)V+5 jdk.compiler@17.0.12
j  com.sun.tools.javac.code.Symbol.complete()V+24 jdk.compiler@17.0.12
j  com.sun.tools.javac.code.Symbol$ClassSymbol.complete()V+6 jdk.compiler@17.0.12
j  com.sun.tools.javac.code.Symbol$ClassSymbol.members()Lcom/sun/tools/javac/code/Scope$WriteableScope;+1 jdk.compiler@17.0.12
j  com.sun.tools.javac.jvm.ClassReader$AnnotationDeproxy.visitEnumAttributeProxy(Lcom/sun/tools/javac/jvm/ClassReader$EnumAttributeProxy;)V+21 jdk.compiler@17.0.12
j  com.sun.tools.javac.jvm.ClassReader$EnumAttributeProxy.accept(Lcom/sun/tools/javac/code/Attribute$Visitor;)V+5 jdk.compiler@17.0.12
j  com.sun.tools.javac.jvm.ClassReader$AnnotationDeproxy.deproxy(Lcom/sun/tools/javac/code/Type;Lcom/sun/tools/javac/code/Attribute;)Lcom/sun/tools/javac/code/Attribute;+12 jdk.compiler@17.0.12
j  com.sun.tools.javac.jvm.ClassReader$AnnotationDeproxy.deproxyCompound(Lcom/sun/tools/javac/jvm/ClassReader$CompoundAnnotationProxy;)Lcom/sun/tools/javac/code/Attribute$Compound;+82 jdk.compiler@17.0.12
j  com.sun.tools.javac.jvm.ClassReader$AnnotationDeproxy.deproxyCompoundList(Lcom/sun/tools/javac/util/List;)Lcom/sun/tools/javac/util/List;+26 jdk.compiler@17.0.12
j  com.sun.tools.javac.jvm.ClassReader$AnnotationCompleter.run()V+24 jdk.compiler@17.0.12
j  com.sun.tools.javac.comp.Annotate.flush()V+40 jdk.compiler@17.0.12
j  com.sun.tools.javac.comp.Annotate.unblockAnnotations()V+18 jdk.compiler@17.0.12
j  com.sun.tools.javac.comp.Annotate.enterDone()V+1 jdk.compiler@17.0.12
j  com.sun.tools.javac.main.JavaCompiler.enterDone()V+9 jdk.compiler@17.0.12
j  com.sun.tools.javac.main.JavaCompiler.enterTrees(Lcom/sun/tools/javac/util/List;)Lcom/sun/tools/javac/util/List;+68 jdk.compiler@17.0.12
j  com.sun.tools.javac.main.JavaCompiler.compile(Ljava/util/Collection;Ljava/util/Collection;Ljava/lang/Iterable;Ljava/util/Collection;)V+304 jdk.compiler@17.0.12
j  com.sun.tools.javac.main.Main.compile([Ljava/lang/String;Lcom/sun/tools/javac/util/Context;)Lcom/sun/tools/javac/main/Main$Result;+622 jdk.compiler@17.0.12
j  com.sun.tools.javac.main.Main.compile([Ljava/lang/String;)Lcom/sun/tools/javac/main/Main$Result;+15 jdk.compiler@17.0.12
j  com.sun.tools.javac.Main.compile([Ljava/lang/String;)I+12 jdk.compiler@17.0.12
j  com.sun.tools.javac.Main.main([Ljava/lang/String;)V+1 jdk.compiler@17.0.12
v  ~StubRoutines::call_stub

---------------  P R O C E S S  ---------------

Threads class SMR info:
_java_thread_list=0x00000000680f45b0, length=12, elements={
0x000000000048b7b0, 0x0000000020915740, 0x00000000209164d0, 0x0000000020927ba0,
0x000000002092b9d0, 0x000000002092c2a0, 0x000000002092dc70, 0x0000000020936160,
0x0000000020936b20, 0x0000000020937ff0, 0x0000000020e50ae0, 0x0000000020f2f6b0
}

Java Threads: ( => current thread )
=>0x000000000048b7b0 JavaThread "main" [_thread_in_vm, id=11832, stack(0x0000000002240000,0x0000000002340000)]
  0x0000000020915740 JavaThread "Reference Handler" daemon [_thread_blocked, id=11892, stack(0x0000000066050000,0x0000000066150000)]
  0x00000000209164d0 JavaThread "Finalizer" daemon [_thread_blocked, id=5156, stack(0x0000000066300000,0x0000000066400000)]
  0x0000000020927ba0 JavaThread "Signal Dispatcher" daemon [_thread_blocked, id=4084, stack(0x00000000661e0000,0x00000000662e0000)]
  0x000000002092b9d0 JavaThread "Attach Listener" daemon [_thread_blocked, id=11544, stack(0x0000000066500000,0x0000000066600000)]
  0x000000002092c2a0 JavaThread "Service Thread" daemon [_thread_blocked, id=11828, stack(0x0000000066620000,0x0000000066720000)]
  0x000000002092dc70 JavaThread "Monitor Deflation Thread" daemon [_thread_blocked, id=10944, stack(0x0000000066400000,0x0000000066500000)]
  0x0000000020936160 JavaThread "C2 CompilerThread0" daemon [_thread_blocked, id=11024, stack(0x0000000066840000,0x0000000066940000)]
  0x0000000020936b20 JavaThread "C1 CompilerThread0" daemon [_thread_blocked, id=4504, stack(0x0000000066ad0000,0x0000000066bd0000)]
  0x0000000020937ff0 JavaThread "Sweeper thread" daemon [_thread_blocked, id=11452, stack(0x00000000669a0000,0x0000000066aa0000)]
  0x0000000020e50ae0 JavaThread "Common-Cleaner" daemon [_thread_blocked, id=10004, stack(0x0000000066c80000,0x0000000066d80000)]
  0x0000000020f2f6b0 JavaThread "Notification Thread" daemon [_thread_blocked, id=2928, stack(0x0000000066ea0000,0x0000000066fa0000)]

Other Threads:
  0x000000002090f7d0 VMThread "VM Thread" [stack: 0x0000000020970000,0x0000000020a70000] [id=10632] _threads_hazard_ptr=0x00000000680f45b0
  0x0000000020f6c360 WatcherThread [stack: 0x0000000066fd0000,0x00000000670d0000] [id=6844]
  0x00000000004eb950 GCTaskThread "GC Thread#0" [stack: 0x000000001e0d0000,0x000000001e1d0000] [id=1760]
  0x0000000067142c60 GCTaskThread "GC Thread#1" [stack: 0x0000000067860000,0x0000000067960000] [id=11664]
  0x00000000671caa80 GCTaskThread "GC Thread#2" [stack: 0x0000000067a20000,0x0000000067b20000] [id=11568]
  0x00000000671cad40 GCTaskThread "GC Thread#3" [stack: 0x0000000067c60000,0x0000000067d60000] [id=11364]
  0x00000000004fd130 ConcurrentGCThread "G1 Main Marker" [stack: 0x000000001e230000,0x000000001e330000] [id=4236]
  0x00000000004ffa50 ConcurrentGCThread "G1 Conc#0" [stack: 0x000000001e410000,0x000000001e510000] [id=6128]
  0x000000002084df50 ConcurrentGCThread "G1 Refine#0" [stack: 0x0000000020ab0000,0x0000000020bb0000] [id=10476]
  0x000000002084e890 ConcurrentGCThread "G1 Service" [stack: 0x0000000020cd0000,0x0000000020dd0000] [id=2244]

Threads with active compile tasks:

VM state: synchronizing (normal execution)

VM Mutex/Monitor currently owned by a thread:  ([mutex/lock_event])
[0x000000000047ece0] Metaspace_lock - owner thread: 0x000000000048b7b0
[0x000000000047fa60] Threads_lock - owner thread: 0x000000002090f7d0

Heap address: 0x0000000083400000, size: 1996 MB, Compressed Oops mode: 32-bit

CDS archive(s) mapped at: [0x0000000021000000-0x0000000021bd0000-0x0000000021bd0000), size 12386304, SharedBaseAddress: 0x0000000021000000, ArchiveRelocationMode: 1.
Compressed class space mapped at: 0x0000000022000000-0x0000000062000000, reserved size: 1073741824
Narrow klass base: 0x0000000021000000, Narrow klass shift: 0, Narrow klass range: 0x100000000

GC Precious Log:
 CPUs: 4 total, 4 available
 Memory: 7983M
 Large Page Support: Disabled
 NUMA Support: Disabled
 Compressed Oops: Enabled (32-bit)
 Heap Region Size: 1M
 Heap Min Capacity: 8M
 Heap Initial Capacity: 8M
 Heap Max Capacity: 1996M
 Pre-touch: Disabled
 Parallel Workers: 4
 Concurrent Workers: 1
 Concurrent Refinement Workers: 4
 Periodic GC: Disabled

Heap:
 garbage-first heap   total 45056K, used 30906K [0x0000000083400000, 0x0000000100000000)
  region size 1024K, 6 young (6144K), 1 survivors (1024K)
 Metaspace       used 9224K, committed 9408K, reserved 1114112K
  class space    used 1059K, committed 1152K, reserved 1048576K

Heap Regions: E=young(eden), S=young(survivor), O=old, HS=humongous(starts), HC=humongous(continues), CS=collection set, F=free, OA=open archive, CA=closed archive, TAMS=top-at-mark-start (previous, next)
|   0|0x0000000083400000, 0x0000000083500000, 0x0000000083500000|100%| O|  |TAMS 0x0000000083500000, 0x0000000083400000| Untracked 
|   1|0x0000000083500000, 0x0000000083600000, 0x0000000083600000|100%| O|  |TAMS 0x0000000083600000, 0x0000000083500000| Untracked 
|   2|0x0000000083600000, 0x0000000083700000, 0x0000000083700000|100%| O|  |TAMS 0x0000000083700000, 0x0000000083600000| Untracked 
|   3|0x0000000083700000, 0x0000000083800000, 0x0000000083800000|100%| O|  |TAMS 0x0000000083800000, 0x0000000083700000| Untracked 
|   4|0x0000000083800000, 0x0000000083900000, 0x0000000083900000|100%| O|  |TAMS 0x00000000838b7600, 0x0000000083800000| Untracked 
|   5|0x0000000083900000, 0x0000000083a00000, 0x0000000083a00000|100%| O|  |TAMS 0x0000000083a00000, 0x0000000083900000| Untracked 
|   6|0x0000000083a00000, 0x0000000083b00000, 0x0000000083b00000|100%|HS|  |TAMS 0x0000000083b00000, 0x0000000083a00000| Complete 
|   7|0x0000000083b00000, 0x0000000083c00000, 0x0000000083c00000|100%|HS|  |TAMS 0x0000000083c00000, 0x0000000083b00000| Complete 
|   8|0x0000000083c00000, 0x0000000083d00000, 0x0000000083d00000|100%|HC|  |TAMS 0x0000000083d00000, 0x0000000083c00000| Complete 
|   9|0x0000000083d00000, 0x0000000083e00000, 0x0000000083e00000|100%| O|  |TAMS 0x0000000083e00000, 0x0000000083d00000| Untracked 
|  10|0x0000000083e00000, 0x0000000083f00000, 0x0000000083f00000|100%| O|  |TAMS 0x0000000083f00000, 0x0000000083e00000| Untracked 
|  11|0x0000000083f00000, 0x0000000084000000, 0x0000000084000000|100%| O|  |TAMS 0x0000000084000000, 0x0000000083f00000| Untracked 
|  12|0x0000000084000000, 0x0000000084100000, 0x0000000084100000|100%| O|  |TAMS 0x0000000084000000, 0x0000000084000000| Untracked 
|  13|0x0000000084100000, 0x0000000084200000, 0x0000000084200000|100%| O|  |TAMS 0x0000000084200000, 0x0000000084100000| Untracked 
|  14|0x0000000084200000, 0x0000000084300000, 0x0000000084300000|100%|HS|  |TAMS 0x0000000084300000, 0x0000000084200000| Complete 
|  15|0x0000000084300000, 0x0000000084400000, 0x0000000084400000|100%|HS|  |TAMS 0x0000000084400000, 0x0000000084300000| Complete 
|  16|0x0000000084400000, 0x0000000084500000, 0x0000000084500000|100%| O|  |TAMS 0x0000000084500000, 0x0000000084400000| Untracked 
|  17|0x0000000084500000, 0x0000000084600000, 0x0000000084600000|100%| O|  |TAMS 0x0000000084600000, 0x0000000084500000| Untracked 
|  18|0x0000000084600000, 0x0000000084700000, 0x0000000084700000|100%| O|  |TAMS 0x0000000084700000, 0x0000000084600000| Untracked 
|  19|0x0000000084700000, 0x0000000084800000, 0x0000000084800000|100%| O|  |TAMS 0x0000000084800000, 0x0000000084700000| Untracked 
|  20|0x0000000084800000, 0x0000000084900000, 0x0000000084900000|100%| O|  |TAMS 0x0000000084900000, 0x0000000084800000| Untracked 
|  21|0x0000000084900000, 0x0000000084a00000, 0x0000000084a00000|100%| O|  |TAMS 0x0000000084a00000, 0x0000000084900000| Untracked 
|  22|0x0000000084a00000, 0x0000000084b00000, 0x0000000084b00000|100%|HS|  |TAMS 0x0000000084b00000, 0x0000000084a00000| Complete 
|  23|0x0000000084b00000, 0x0000000084c00000, 0x0000000084c00000|100%| O|  |TAMS 0x0000000084b00000, 0x0000000084b00000| Untracked 
|  24|0x0000000084c00000, 0x0000000084d00000, 0x0000000084d00000|100%| O|  |TAMS 0x0000000084c00000, 0x0000000084c00000| Untracked 
|  25|0x0000000084d00000, 0x0000000084d2e800, 0x0000000084e00000| 18%| O|  |TAMS 0x0000000084d00000, 0x0000000084d00000| Untracked 
|  26|0x0000000084e00000, 0x0000000084e00000, 0x0000000084f00000|  0%| F|  |TAMS 0x0000000084e00000, 0x0000000084e00000| Untracked 
|  27|0x0000000084f00000, 0x0000000084f00000, 0x0000000085000000|  0%| F|  |TAMS 0x0000000084f00000, 0x0000000084f00000| Untracked 
|  28|0x0000000085000000, 0x0000000085000000, 0x0000000085100000|  0%| F|  |TAMS 0x0000000085000000, 0x0000000085000000| Untracked 
|  29|0x0000000085100000, 0x0000000085100000, 0x0000000085200000|  0%| F|  |TAMS 0x0000000085100000, 0x0000000085100000| Untracked 
|  30|0x0000000085200000, 0x0000000085200000, 0x0000000085300000|  0%| F|  |TAMS 0x0000000085200000, 0x0000000085200000| Untracked 
|  31|0x0000000085300000, 0x0000000085300000, 0x0000000085400000|  0%| F|  |TAMS 0x0000000085300000, 0x0000000085300000| Untracked 
|  32|0x0000000085400000, 0x0000000085400000, 0x0000000085500000|  0%| F|  |TAMS 0x0000000085400000, 0x0000000085400000| Untracked 
|  33|0x0000000085500000, 0x0000000085500000, 0x0000000085600000|  0%| F|  |TAMS 0x0000000085500000, 0x0000000085500000| Untracked 
|  34|0x0000000085600000, 0x0000000085600000, 0x0000000085700000|  0%| F|  |TAMS 0x0000000085600000, 0x0000000085600000| Untracked 
|  35|0x0000000085700000, 0x0000000085700000, 0x0000000085800000|  0%| F|  |TAMS 0x0000000085700000, 0x0000000085700000| Untracked 
|  36|0x0000000085800000, 0x0000000085800000, 0x0000000085900000|  0%| F|  |TAMS 0x0000000085800000, 0x0000000085800000| Untracked 
|  37|0x0000000085900000, 0x0000000085900000, 0x0000000085a00000|  0%| F|  |TAMS 0x0000000085900000, 0x0000000085900000| Untracked 
|  38|0x0000000085a00000, 0x0000000085b00000, 0x0000000085b00000|100%| S|CS|TAMS 0x0000000085a00000, 0x0000000085a00000| Complete 
|  39|0x0000000085b00000, 0x0000000085b4bcc0, 0x0000000085c00000| 29%| E|  |TAMS 0x0000000085b00000, 0x0000000085b00000| Complete 
|  40|0x0000000085c00000, 0x0000000085d00000, 0x0000000085d00000|100%| E|CS|TAMS 0x0000000085c00000, 0x0000000085c00000| Complete 
|  41|0x0000000085d00000, 0x0000000085e00000, 0x0000000085e00000|100%| E|CS|TAMS 0x0000000085d00000, 0x0000000085d00000| Complete 
|  42|0x0000000085e00000, 0x0000000085f00000, 0x0000000085f00000|100%| E|CS|TAMS 0x0000000085e00000, 0x0000000085e00000| Complete 
|  43|0x0000000085f00000, 0x0000000086000000, 0x0000000086000000|100%| E|CS|TAMS 0x0000000085f00000, 0x0000000085f00000| Complete 

Card table byte_map: [0x0000000019960000,0x0000000019d50000] _byte_map_base: 0x0000000019546000

Marking Bits (Prev, Next): (CMBitMap*) 0x00000000004ece80, (CMBitMap*) 0x00000000004ecec0
 Prev Bits: [0x000000001a140000, 0x000000001c070000)
 Next Bits: [0x000000001c070000, 0x000000001dfa0000)

Polling page: 0x0000000000130000

Metaspace:

Usage:
  Non-class:      7.97 MB used.
      Class:      1.03 MB used.
       Both:      9.01 MB used.

Virtual space:
  Non-class space:       64.00 MB reserved,       8.06 MB ( 13%) committed,  1 nodes.
      Class space:        1.00 GB reserved,       1.12 MB ( <1%) committed,  1 nodes.
             Both:        1.06 GB reserved,       9.19 MB ( <1%) committed. 

Chunk freelists:
   Non-Class:  6.11 MB
       Class:  14.88 MB
        Both:  20.99 MB

MaxMetaspaceSize: unlimited
CompressedClassSpaceSize: 1.00 GB
Initial GC threshold: 21.00 MB
Current GC threshold: 21.00 MB
CDS: on
MetaspaceReclaimPolicy: balanced
 - commit_granule_bytes: 65536.
 - commit_granule_words: 8192.
 - virtual_space_node_default_size: 8388608.
 - enlarge_chunks_in_place: 1.
 - new_chunks_are_fully_committed: 0.
 - uncommit_free_chunks: 1.
 - use_allocation_guard: 0.
 - handle_deallocations: 1.


Internal statistics:

num_allocs_failed_limit: 0.
num_arena_births: 80.
num_arena_deaths: 0.
num_vsnodes_births: 2.
num_vsnodes_deaths: 0.
num_space_committed: 147.
num_space_uncommitted: 0.
num_chunks_returned_to_freelist: 0.
num_chunks_taken_from_freelist: 382.
num_chunk_merges: 0.
num_chunk_splits: 259.
num_chunks_enlarged: 202.
num_inconsistent_stats: 0.

CodeHeap 'non-profiled nmethods': size=120000Kb used=603Kb max_used=603Kb free=119396Kb
 bounds [0x0000000011b10000, 0x0000000011d80000, 0x0000000019040000]
CodeHeap 'profiled nmethods': size=120000Kb used=2747Kb max_used=2747Kb free=117252Kb
 bounds [0x000000000a040000, 0x000000000a2f0000, 0x0000000011570000]
CodeHeap 'non-nmethods': size=5760Kb used=1139Kb max_used=1184Kb free=4620Kb
 bounds [0x0000000011570000, 0x00000000117e0000, 0x0000000011b10000]
 total_blobs=2029 nmethods=1598 adapters=345
 compilation: enabled
              stopped_count=0, restarted_count=0
 full_count=0

Compilation events (20 events):
Event: 17.390 Thread 0x0000000020936b20 1588       3       java.lang.Class::cast (27 bytes)
Event: 17.391 Thread 0x0000000020936b20 nmethod 1588 0x000000000a2ec610 code [0x000000000a2ec7c0, 0x000000000a2eca78]
Event: 17.522 Thread 0x0000000020936b20 1590       3       java.util.stream.StreamOpFlag::combineOpFlags (9 bytes)
Event: 17.523 Thread 0x0000000020936b20 nmethod 1590 0x000000000a2ecb90 code [0x000000000a2ecd20, 0x000000000a2eced8]
Event: 17.523 Thread 0x0000000020936b20 1591       3       java.util.stream.StreamOpFlag::getMask (30 bytes)
Event: 17.523 Thread 0x0000000020936b20 nmethod 1591 0x000000000a2ecf90 code [0x000000000a2ed120, 0x000000000a2ed298]
Event: 17.525 Thread 0x0000000020936160 1592       4       java.lang.StringLatin1::indexOf (121 bytes)
Event: 17.526 Thread 0x0000000020936b20 1593       3       com.sun.tools.javac.code.Type$ClassType::<init> (38 bytes)
Event: 17.527 Thread 0x0000000020936b20 nmethod 1593 0x000000000a2ed310 code [0x000000000a2ed500, 0x000000000a2edb28]
Event: 17.527 Thread 0x0000000020936b20 1594       3       com.sun.tools.javac.code.Symbol$ClassSymbol::<init> (75 bytes)
Event: 17.527 Thread 0x0000000020936b20 nmethod 1594 0x000000000a2edd10 code [0x000000000a2edf00, 0x000000000a2ee4a8]
Event: 17.530 Thread 0x0000000020936160 nmethod 1592 0x0000000011ba4e90 code [0x0000000011ba5020, 0x0000000011ba5318]
Event: 17.638 Thread 0x0000000020936b20 1595       3       com.sun.tools.javac.code.Symbol::complete (30 bytes)
Event: 17.638 Thread 0x0000000020936160 1596       4       com.sun.tools.javac.jvm.PoolReader::sizeof (32 bytes)
Event: 17.638 Thread 0x0000000020936b20 nmethod 1595 0x000000000a2ee610 code [0x000000000a2ee7c0, 0x000000000a2eea48]
Event: 17.639 Thread 0x0000000020936b20 1597       3       com.sun.tools.javac.code.Symtab::getClass (42 bytes)
Event: 17.639 Thread 0x0000000020936160 nmethod 1596 0x0000000011ba5590 code [0x0000000011ba5700, 0x0000000011ba5798]
Event: 17.640 Thread 0x0000000020936b20 nmethod 1597 0x0000000011ba5890 code [0x0000000011ba5b20, 0x0000000011ba6a78]
Event: 17.640 Thread 0x0000000020936b20 1598       3       com.sun.tools.javac.code.Symtab$$Lambda$97/0x00000000220e9be0::<init> (10 bytes)
Event: 17.640 Thread 0x0000000020936b20 nmethod 1598 0x000000000a2eeb10 code [0x000000000a2eeca0, 0x000000000a2eee58]

GC Heap History (20 events):
Event: 9.332 GC heap before
{Heap before GC invocations=5 (full 0):
 garbage-first heap   total 12288K, used 6370K [0x0000000083400000, 0x0000000100000000)
  region size 1024K, 2 young (2048K), 1 survivors (1024K)
 Metaspace       used 2555K, committed 2752K, reserved 1114112K
  class space    used 307K, committed 384K, reserved 1048576K
}
Event: 9.335 GC heap after
{Heap after GC invocations=6 (full 0):
 garbage-first heap   total 12288K, used 6320K [0x0000000083400000, 0x0000000100000000)
  region size 1024K, 1 young (1024K), 1 survivors (1024K)
 Metaspace       used 2555K, committed 2752K, reserved 1114112K
  class space    used 307K, committed 384K, reserved 1048576K
}
Event: 9.353 GC heap before
{Heap before GC invocations=6 (full 0):
 garbage-first heap   total 17408K, used 9392K [0x0000000083400000, 0x0000000100000000)
  region size 1024K, 2 young (2048K), 1 survivors (1024K)
 Metaspace       used 2556K, committed 2752K, reserved 1114112K
  class space    used 307K, committed 384K, reserved 1048576K
}
Event: 9.357 GC heap after
{Heap after GC invocations=7 (full 0):
 garbage-first heap   total 43008K, used 9335K [0x0000000083400000, 0x0000000100000000)
  region size 1024K, 1 young (1024K), 1 survivors (1024K)
 Metaspace       used 2556K, committed 2752K, reserved 1114112K
  class space    used 307K, committed 384K, reserved 1048576K
}
Event: 13.193 GC heap before
{Heap before GC invocations=8 (full 0):
 garbage-first heap   total 43008K, used 18551K [0x0000000083400000, 0x0000000100000000)
  region size 1024K, 10 young (10240K), 1 survivors (1024K)
 Metaspace       used 6649K, committed 6848K, reserved 1114112K
  class space    used 786K, committed 896K, reserved 1048576K
}
Event: 13.209 GC heap after
{Heap after GC invocations=9 (full 0):
 garbage-first heap   total 43008K, used 12665K [0x0000000083400000, 0x0000000100000000)
  region size 1024K, 2 young (2048K), 2 survivors (2048K)
 Metaspace       used 6649K, committed 6848K, reserved 1114112K
  class space    used 786K, committed 896K, reserved 1048576K
}
Event: 13.958 GC heap before
{Heap before GC invocations=9 (full 0):
 garbage-first heap   total 43008K, used 13689K [0x0000000083400000, 0x0000000100000000)
  region size 1024K, 3 young (3072K), 2 survivors (2048K)
 Metaspace       used 7594K, committed 7808K, reserved 1114112K
  class space    used 911K, committed 1024K, reserved 1048576K
}
Event: 13.965 GC heap after
{Heap after GC invocations=10 (full 0):
 garbage-first heap   total 43008K, used 13165K [0x0000000083400000, 0x0000000100000000)
  region size 1024K, 1 young (1024K), 1 survivors (1024K)
 Metaspace       used 7594K, committed 7808K, reserved 1114112K
  class space    used 911K, committed 1024K, reserved 1048576K
}
Event: 15.131 GC heap before
{Heap before GC invocations=10 (full 0):
 garbage-first heap   total 43008K, used 24429K [0x0000000083400000, 0x0000000100000000)
  region size 1024K, 10 young (10240K), 1 survivors (1024K)
 Metaspace       used 8668K, committed 8896K, reserved 1114112K
  class space    used 1005K, committed 1088K, reserved 1048576K
}
Event: 15.142 GC heap after
{Heap after GC invocations=11 (full 0):
 garbage-first heap   total 43008K, used 21726K [0x0000000083400000, 0x0000000100000000)
  region size 1024K, 2 young (2048K), 2 survivors (2048K)
 Metaspace       used 8668K, committed 8896K, reserved 1114112K
  class space    used 1005K, committed 1088K, reserved 1048576K
}
Event: 15.233 GC heap before
{Heap before GC invocations=11 (full 0):
 garbage-first heap   total 43008K, used 24798K [0x0000000083400000, 0x0000000100000000)
  region size 1024K, 6 young (6144K), 2 survivors (2048K)
 Metaspace       used 8713K, committed 8896K, reserved 1114112K
  class space    used 1005K, committed 1088K, reserved 1048576K
}
Event: 15.240 GC heap after
{Heap after GC invocations=12 (full 0):
 garbage-first heap   total 43008K, used 22332K [0x0000000083400000, 0x0000000100000000)
  region size 1024K, 1 young (1024K), 1 survivors (1024K)
 Metaspace       used 8713K, committed 8896K, reserved 1114112K
  class space    used 1005K, committed 1088K, reserved 1048576K
}
Event: 15.343 GC heap before
{Heap before GC invocations=13 (full 0):
 garbage-first heap   total 43008K, used 26428K [0x0000000083400000, 0x0000000100000000)
  region size 1024K, 7 young (7168K), 1 survivors (1024K)
 Metaspace       used 8722K, committed 8896K, reserved 1114112K
  class space    used 1005K, committed 1088K, reserved 1048576K
}
Event: 15.349 GC heap after
{Heap after GC invocations=14 (full 0):
 garbage-first heap   total 43008K, used 22862K [0x0000000083400000, 0x0000000100000000)
  region size 1024K, 1 young (1024K), 1 survivors (1024K)
 Metaspace       used 8722K, committed 8896K, reserved 1114112K
  class space    used 1005K, committed 1088K, reserved 1048576K
}
Event: 15.360 GC heap before
{Heap before GC invocations=14 (full 0):
 garbage-first heap   total 43008K, used 23886K [0x0000000083400000, 0x0000000100000000)
  region size 1024K, 2 young (2048K), 1 survivors (1024K)
 Metaspace       used 8726K, committed 8896K, reserved 1114112K
  class space    used 1005K, committed 1088K, reserved 1048576K
}
Event: 15.365 GC heap after
{Heap after GC invocations=15 (full 0):
 garbage-first heap   total 43008K, used 22640K [0x0000000083400000, 0x0000000100000000)
  region size 1024K, 1 young (1024K), 1 survivors (1024K)
 Metaspace       used 8726K, committed 8896K, reserved 1114112K
  class space    used 1005K, committed 1088K, reserved 1048576K
}
Event: 15.489 GC heap before
{Heap before GC invocations=15 (full 0):
 garbage-first heap   total 43008K, used 28784K [0x0000000083400000, 0x0000000100000000)
  region size 1024K, 7 young (7168K), 1 survivors (1024K)
 Metaspace       used 8752K, committed 8896K, reserved 1114112K
  class space    used 1005K, committed 1088K, reserved 1048576K
}
Event: 15.498 GC heap after
{Heap after GC invocations=16 (full 0):
 garbage-first heap   total 43008K, used 24780K [0x0000000083400000, 0x0000000100000000)
  region size 1024K, 1 young (1024K), 1 survivors (1024K)
 Metaspace       used 8752K, committed 8896K, reserved 1114112K
  class space    used 1005K, committed 1088K, reserved 1048576K
}
Event: 15.594 GC heap before
{Heap before GC invocations=17 (full 0):
 garbage-first heap   total 45056K, used 28876K [0x0000000083400000, 0x0000000100000000)
  region size 1024K, 6 young (6144K), 1 survivors (1024K)
 Metaspace       used 8754K, committed 8960K, reserved 1114112K
  class space    used 1005K, committed 1088K, reserved 1048576K
}
Event: 15.600 GC heap after
{Heap after GC invocations=18 (full 0):
 garbage-first heap   total 45056K, used 26810K [0x0000000083400000, 0x0000000100000000)
  region size 1024K, 1 young (1024K), 1 survivors (1024K)
 Metaspace       used 8754K, committed 8960K, reserved 1114112K
  class space    used 1005K, committed 1088K, reserved 1048576K
}

Deoptimization events (20 events):
Event: 16.020 Thread 0x000000000048b7b0 Uncommon trap: trap_request=0xffffff45 fr.pc=0x0000000011b6ef60 relative=0x0000000000000060
Event: 16.020 Thread 0x000000000048b7b0 Uncommon trap: reason=unstable_if action=reinterpret pc=0x0000000011b6ef60 method=com.sun.tools.javac.jvm.PoolReader.sizeof(I)I @ 1 c2
Event: 16.020 Thread 0x000000000048b7b0 DEOPT PACKING pc=0x0000000011b6ef60 sp=0x000000000233df50
Event: 16.020 Thread 0x000000000048b7b0 DEOPT UNPACKING pc=0x00000000115c239d sp=0x000000000233dee0 mode 2
Event: 17.114 Thread 0x000000000048b7b0 Uncommon trap: trap_request=0xffffff45 fr.pc=0x0000000011ba0ef8 relative=0x0000000000000898
Event: 17.114 Thread 0x000000000048b7b0 Uncommon trap: reason=unstable_if action=reinterpret pc=0x0000000011ba0ef8 method=jdk.internal.jimage.ImageStringsReader.stringFromByteBuffer(Ljava/nio/ByteBuffer;I)Ljava/lang/String; @ 7 c2
Event: 17.114 Thread 0x000000000048b7b0 DEOPT PACKING pc=0x0000000011ba0ef8 sp=0x000000000233d900
Event: 17.114 Thread 0x000000000048b7b0 DEOPT UNPACKING pc=0x00000000115c239d sp=0x000000000233d780 mode 2
Event: 17.115 Thread 0x000000000048b7b0 Uncommon trap: trap_request=0xffffff45 fr.pc=0x0000000011b9f37c relative=0x00000000000007bc
Event: 17.115 Thread 0x000000000048b7b0 Uncommon trap: reason=unstable_if action=reinterpret pc=0x0000000011b9f37c method=jdk.internal.jimage.ImageStringsReader.stringFromByteBuffer(Ljava/nio/ByteBuffer;I)Ljava/lang/String; @ 7 c2
Event: 17.115 Thread 0x000000000048b7b0 DEOPT PACKING pc=0x0000000011b9f37c sp=0x000000000233d780
Event: 17.115 Thread 0x000000000048b7b0 DEOPT UNPACKING pc=0x00000000115c239d sp=0x000000000233d6d0 mode 2
Event: 17.122 Thread 0x000000000048b7b0 Uncommon trap: trap_request=0xffffff6e fr.pc=0x0000000011b9e6b8 relative=0x0000000000000418
Event: 17.122 Thread 0x000000000048b7b0 Uncommon trap: reason=loop_limit_check action=maybe_recompile pc=0x0000000011b9e6b8 method=java.lang.StringLatin1.indexOf([BI[BII)I @ 37 c2
Event: 17.122 Thread 0x000000000048b7b0 DEOPT PACKING pc=0x0000000011b9e6b8 sp=0x000000000233da50
Event: 17.122 Thread 0x000000000048b7b0 DEOPT UNPACKING pc=0x00000000115c239d sp=0x000000000233d9b0 mode 2
Event: 17.637 Thread 0x000000000048b7b0 Uncommon trap: trap_request=0xffffff45 fr.pc=0x0000000011b8f78c relative=0x00000000000007cc
Event: 17.637 Thread 0x000000000048b7b0 Uncommon trap: reason=unstable_if action=reinterpret pc=0x0000000011b8f78c method=jdk.internal.jimage.ImageStringsReader.stringFromByteBuffer(Ljava/nio/ByteBuffer;I)Ljava/lang/String; @ 7 c2
Event: 17.638 Thread 0x000000000048b7b0 DEOPT PACKING pc=0x0000000011b8f78c sp=0x000000000233df00
Event: 17.638 Thread 0x000000000048b7b0 DEOPT UNPACKING pc=0x00000000115c239d sp=0x000000000233dea8 mode 2

Classes unloaded (0 events):
No events

Classes redefined (0 events):
No events

Internal exceptions (20 events):
Event: 15.713 Thread 0x000000000048b7b0 Exception <a 'sun/nio/fs/WindowsException'{0x0000000085fc0560}> (0x0000000085fc0560) 
thrown [s\open\src\hotspot\share\prims\jni.cpp, line 516]
Event: 15.716 Thread 0x000000000048b7b0 Exception <a 'sun/nio/fs/WindowsException'{0x0000000085fc3488}> (0x0000000085fc3488) 
thrown [s\open\src\hotspot\share\prims\jni.cpp, line 516]
Event: 15.716 Thread 0x000000000048b7b0 Exception <a 'sun/nio/fs/WindowsException'{0x0000000085fc3810}> (0x0000000085fc3810) 
thrown [s\open\src\hotspot\share\prims\jni.cpp, line 516]
Event: 16.010 Thread 0x000000000048b7b0 Exception <a 'sun/nio/fs/WindowsException'{0x0000000085c87a58}> (0x0000000085c87a58) 
thrown [s\open\src\hotspot\share\prims\jni.cpp, line 516]
Event: 16.010 Thread 0x000000000048b7b0 Exception <a 'sun/nio/fs/WindowsException'{0x0000000085c87d20}> (0x0000000085c87d20) 
thrown [s\open\src\hotspot\share\prims\jni.cpp, line 516]
Event: 16.010 Thread 0x000000000048b7b0 Exception <a 'sun/nio/fs/WindowsException'{0x0000000085c88648}> (0x0000000085c88648) 
thrown [s\open\src\hotspot\share\prims\jni.cpp, line 516]
Event: 16.011 Thread 0x000000000048b7b0 Exception <a 'sun/nio/fs/WindowsException'{0x0000000085c8a890}> (0x0000000085c8a890) 
thrown [s\open\src\hotspot\share\prims\jni.cpp, line 516]
Event: 16.011 Thread 0x000000000048b7b0 Exception <a 'sun/nio/fs/WindowsException'{0x0000000085c8aaf0}> (0x0000000085c8aaf0) 
thrown [s\open\src\hotspot\share\prims\jni.cpp, line 516]
Event: 16.011 Thread 0x000000000048b7b0 Exception <a 'sun/nio/fs/WindowsException'{0x0000000085c8b5d8}> (0x0000000085c8b5d8) 
thrown [s\open\src\hotspot\share\prims\jni.cpp, line 516]
Event: 16.015 Thread 0x000000000048b7b0 Exception <a 'sun/nio/fs/WindowsException'{0x0000000085c8db48}> (0x0000000085c8db48) 
thrown [s\open\src\hotspot\share\prims\jni.cpp, line 516]
Event: 16.015 Thread 0x000000000048b7b0 Exception <a 'sun/nio/fs/WindowsException'{0x0000000085c8dea8}> (0x0000000085c8dea8) 
thrown [s\open\src\hotspot\share\prims\jni.cpp, line 516]
Event: 16.015 Thread 0x000000000048b7b0 Exception <a 'sun/nio/fs/WindowsException'{0x0000000085c8ea90}> (0x0000000085c8ea90) 
thrown [s\open\src\hotspot\share\prims\jni.cpp, line 516]
Event: 16.015 Thread 0x000000000048b7b0 Exception <a 'sun/nio/fs/WindowsException'{0x0000000085c8ed18}> (0x0000000085c8ed18) 
thrown [s\open\src\hotspot\share\prims\jni.cpp, line 516]
Event: 16.015 Thread 0x000000000048b7b0 Exception <a 'sun/nio/fs/WindowsException'{0x0000000085c8f608}> (0x0000000085c8f608) 
thrown [s\open\src\hotspot\share\prims\jni.cpp, line 516]
Event: 16.017 Thread 0x000000000048b7b0 Exception <a 'sun/nio/fs/WindowsException'{0x0000000085c91420}> (0x0000000085c91420) 
thrown [s\open\src\hotspot\share\prims\jni.cpp, line 516]
Event: 16.017 Thread 0x000000000048b7b0 Exception <a 'sun/nio/fs/WindowsException'{0x0000000085c91630}> (0x0000000085c91630) 
thrown [s\open\src\hotspot\share\prims\jni.cpp, line 516]
Event: 16.017 Thread 0x000000000048b7b0 Exception <a 'sun/nio/fs/WindowsException'{0x0000000085c920a0}> (0x0000000085c920a0) 
thrown [s\open\src\hotspot\share\prims\jni.cpp, line 516]
Event: 16.018 Thread 0x000000000048b7b0 Exception <a 'sun/nio/fs/WindowsException'{0x0000000085c941f0}> (0x0000000085c941f0) 
thrown [s\open\src\hotspot\share\prims\jni.cpp, line 516]
Event: 16.018 Thread 0x000000000048b7b0 Exception <a 'sun/nio/fs/WindowsException'{0x0000000085c94518}> (0x0000000085c94518) 
thrown [s\open\src\hotspot\share\prims\jni.cpp, line 516]
Event: 16.020 Thread 0x000000000048b7b0 Exception <a 'java/lang/NoSuchMethodError'{0x0000000085c96d10}: 'java.lang.Object java.lang.invoke.DirectMethodHandle$Holder.invokeStatic(java.lang.Object, java.lang.Object, int, int)'> (0x0000000085c96d10) 
thrown [s\open\src\hotspot\share\interpreter\linkResolver.cpp, line 759]

VM Operations (20 events):
Event: 15.286 Executing VM operation: G1Concurrent
Event: 15.290 Executing VM operation: G1Concurrent done
Event: 15.343 Executing VM operation: G1CollectForAllocation
Event: 15.349 Executing VM operation: G1CollectForAllocation done
Event: 15.360 Executing VM operation: G1CollectForAllocation
Event: 15.365 Executing VM operation: G1CollectForAllocation done
Event: 15.489 Executing VM operation: G1CollectForAllocation
Event: 15.498 Executing VM operation: G1CollectForAllocation done
Event: 15.538 Executing VM operation: G1Concurrent
Event: 15.541 Executing VM operation: G1Concurrent done
Event: 15.560 Executing VM operation: G1Concurrent
Event: 15.562 Executing VM operation: G1Concurrent done
Event: 15.594 Executing VM operation: G1CollectForAllocation
Event: 15.600 Executing VM operation: G1CollectForAllocation done
Event: 15.705 Executing VM operation: HandshakeAllThreads
Event: 15.705 Executing VM operation: HandshakeAllThreads done
Event: 16.704 Executing VM operation: Cleanup
Event: 17.111 Executing VM operation: Cleanup done
Event: 17.115 Executing VM operation: HandshakeAllThreads
Event: 17.115 Executing VM operation: HandshakeAllThreads done

Events (20 events):
Event: 15.704 loading class sun/nio/fs/BasicFileAttributesHolder
Event: 15.704 loading class sun/nio/fs/BasicFileAttributesHolder done
Event: 15.704 loading class sun/nio/fs/WindowsPath$WindowsPathWithAttributes done
Event: 15.750 loading class jdk/internal/jrtfs/JrtDirectoryStream
Event: 15.808 loading class jdk/internal/jrtfs/JrtDirectoryStream done
Event: 15.810 loading class java/lang/invoke/MethodHandle$1
Event: 15.842 loading class java/lang/invoke/MethodHandle$1 done
Event: 15.848 loading class java/util/stream/StreamSpliterators$WrappingSpliterator
Event: 15.910 loading class java/util/stream/StreamSpliterators$AbstractWrappingSpliterator
Event: 15.911 loading class java/util/stream/StreamSpliterators$AbstractWrappingSpliterator done
Event: 15.911 loading class java/util/stream/StreamSpliterators$WrappingSpliterator done
Event: 15.911 loading class jdk/internal/jrtfs/JrtDirectoryStream$1
Event: 15.911 loading class jdk/internal/jrtfs/JrtDirectoryStream$1 done
Event: 15.912 loading class java/util/stream/StreamSpliterators
Event: 15.913 loading class java/util/stream/StreamSpliterators done
Event: 15.913 loading class java/util/function/BooleanSupplier
Event: 15.922 loading class java/util/function/BooleanSupplier done
Event: 17.112 Thread 0x00000000681b3350 Thread exited: 0x00000000681b3350
Event: 17.115 loading class jdk/internal/jimage/ImageReader$LinkNode
Event: 17.115 loading class jdk/internal/jimage/ImageReader$LinkNode done


Dynamic libraries:
0x000000013fda0000 - 0x000000013fda8000 	C:\Program Files\Java\jdk-17\bin\javac.exe
0x0000000077660000 - 0x0000000077809000 	C:\Windows\SYSTEM32\ntdll.dll
0x0000000077540000 - 0x000000007765f000 	C:\Windows\system32\kernel32.dll
0x000007fefd460000 - 0x000007fefd4cc000 	C:\Windows\system32\KERNELBASE.dll
0x000007feef310000 - 0x000007feef329000 	C:\Program Files\Java\jdk-17\bin\jli.dll
0x000007fefde60000 - 0x000007fefdf3b000 	C:\Windows\system32\ADVAPI32.dll
0x000007fefdf40000 - 0x000007fefdfdf000 	C:\Windows\system32\msvcrt.dll
0x000007fefdce0000 - 0x000007fefdcff000 	C:\Windows\SYSTEM32\sechost.dll
0x000007feff720000 - 0x000007feff84d000 	C:\Windows\system32\RPCRT4.dll
0x000007fefbe50000 - 0x000007fefc044000 	C:\Windows\WinSxS\amd64_microsoft.windows.common-controls_6595b64144ccf1df_6.0.7601.17514_none_fa396087175ac9ac\COMCTL32.dll
0x000007feff860000 - 0x000007feff8c7000 	C:\Windows\system32\GDI32.dll
0x0000000077440000 - 0x000000007753a000 	C:\Windows\system32\USER32.dll
0x000007fefe210000 - 0x000007fefe21e000 	C:\Windows\system32\LPK.dll
0x000007fefe280000 - 0x000007fefe349000 	C:\Windows\system32\USP10.dll
0x000007feff6a0000 - 0x000007feff711000 	C:\Windows\system32\SHLWAPI.dll
0x000007fefc510000 - 0x000007fefc51c000 	C:\Windows\system32\VERSION.dll
0x000007feef230000 - 0x000007feef24b000 	C:\Program Files\Java\jdk-17\bin\VCRUNTIME140.dll
0x000007feef300000 - 0x000007feef305000 	C:\Program Files\Java\jdk-17\bin\api-ms-win-crt-runtime-l1-1-0.dll
0x000007fece690000 - 0x000007fece7a1000 	C:\Program Files\Java\jdk-17\bin\ucrtbase.DLL
0x000007feef1e0000 - 0x000007feef1e4000 	C:\Program Files\Java\jdk-17\bin\api-ms-win-core-file-l1-2-0.dll
0x000007feee4d0000 - 0x000007feee4d4000 	C:\Program Files\Java\jdk-17\bin\api-ms-win-core-localization-l1-2-0.dll
0x000007feee480000 - 0x000007feee484000 	C:\Program Files\Java\jdk-17\bin\api-ms-win-core-processthreads-l1-1-1.dll
0x000007feeddf0000 - 0x000007feeddf4000 	C:\Program Files\Java\jdk-17\bin\api-ms-win-core-timezone-l1-1-0.dll
0x000007feedde0000 - 0x000007feedde4000 	C:\Program Files\Java\jdk-17\bin\api-ms-win-core-file-l2-1-0.dll
0x000007feeddd0000 - 0x000007feeddd4000 	C:\Program Files\Java\jdk-17\bin\api-ms-win-core-synch-l1-2-0.dll
0x000007feeddc0000 - 0x000007feeddc4000 	C:\Program Files\Java\jdk-17\bin\api-ms-win-crt-heap-l1-1-0.dll
0x000007feedd40000 - 0x000007feedd45000 	C:\Program Files\Java\jdk-17\bin\api-ms-win-crt-string-l1-1-0.dll
0x000007feedd30000 - 0x000007feedd35000 	C:\Program Files\Java\jdk-17\bin\api-ms-win-crt-stdio-l1-1-0.dll
0x000007feedce0000 - 0x000007feedce5000 	C:\Program Files\Java\jdk-17\bin\api-ms-win-crt-convert-l1-1-0.dll
0x000007feedcd0000 - 0x000007feedcd4000 	C:\Program Files\Java\jdk-17\bin\api-ms-win-crt-environment-l1-1-0.dll
0x000007feedcc0000 - 0x000007feedcc4000 	C:\Program Files\Java\jdk-17\bin\api-ms-win-crt-filesystem-l1-1-0.dll
0x000007feed980000 - 0x000007feed986000 	C:\Program Files\Java\jdk-17\bin\api-ms-win-crt-math-l1-1-0.dll
0x000007feed4c0000 - 0x000007feed4c4000 	C:\Program Files\Java\jdk-17\bin\api-ms-win-crt-locale-l1-1-0.dll
0x000007fefe370000 - 0x000007fefe39e000 	C:\Windows\system32\IMM32.DLL
0x000007fefe530000 - 0x000007fefe639000 	C:\Windows\system32\MSCTF.dll
0x000007feed4b0000 - 0x000007feed4bc000 	C:\Program Files\Java\jdk-17\bin\vcruntime140_1.dll
0x000007feec7a0000 - 0x000007feec82e000 	C:\Program Files\Java\jdk-17\bin\msvcp140.dll
0x000007feed4a0000 - 0x000007feed4a4000 	C:\Program Files\Java\jdk-17\bin\api-ms-win-crt-time-l1-1-0.dll
0x000007feed490000 - 0x000007feed494000 	C:\Program Files\Java\jdk-17\bin\api-ms-win-crt-utility-l1-1-0.dll
0x000007fec8d60000 - 0x000007fec9940000 	C:\Program Files\Java\jdk-17\bin\server\jvm.dll
0x000007feef210000 - 0x000007feef219000 	C:\Windows\system32\WSOCK32.dll
0x000007fefdfe0000 - 0x000007fefe02d000 	C:\Windows\system32\WS2_32.dll
0x000007feff850000 - 0x000007feff858000 	C:\Windows\system32\NSI.dll
0x000007fefb590000 - 0x000007fefb5cb000 	C:\Windows\system32\WINMM.dll
0x0000000077820000 - 0x0000000077827000 	C:\Windows\system32\PSAPI.DLL
0x000007feed100000 - 0x000007feed10a000 	C:\Program Files\Java\jdk-17\bin\jimage.dll
0x000007fef9140000 - 0x000007fef9265000 	C:\Windows\system32\DBGHELP.DLL
0x000007feeca30000 - 0x000007feeca55000 	C:\Program Files\Java\jdk-17\bin\java.dll
0x000007fed1130000 - 0x000007fed1207000 	C:\Program Files\Java\jdk-17\bin\jsvml.dll
0x000007fefe640000 - 0x000007feff3c8000 	C:\Windows\system32\SHELL32.dll
0x000007fefd880000 - 0x000007fefda83000 	C:\Windows\system32\ole32.dll
0x000007fefd430000 - 0x000007fefd43f000 	C:\Windows\system32\profapi.dll
0x000007feec5a0000 - 0x000007feec5b9000 	C:\Program Files\Java\jdk-17\bin\net.dll
0x000007fefa570000 - 0x000007fefa5e1000 	C:\Windows\system32\WINHTTP.dll
0x000007fefa4c0000 - 0x000007fefa524000 	C:\Windows\system32\webio.dll
0x000007fefcbb0000 - 0x000007fefcc05000 	C:\Windows\system32\mswsock.dll
0x000007fefcba0000 - 0x000007fefcba7000 	C:\Windows\System32\wship6.dll
0x000007feec580000 - 0x000007feec596000 	C:\Program Files\Java\jdk-17\bin\nio.dll
0x000007feec560000 - 0x000007feec578000 	C:\Program Files\Java\jdk-17\bin\zip.dll

dbghelp: loaded successfully - version: 4.0.5 - missing functions: none
symbol engine: initialized successfully - sym options: 0x614 - pdb path: .;C:\Program Files\Java\jdk-17\bin;C:\Windows\SYSTEM32;C:\Windows\WinSxS\amd64_microsoft.windows.common-controls_6595b64144ccf1df_6.0.7601.17514_none_fa396087175ac9ac;C:\Program Files\Java\jdk-17\bin\server

VM Arguments:
jvm_args: -Dapplication.home=C:\Program Files\Java\jdk-17 --add-modules=ALL-DEFAULT -Xms8m -Djdk.module.main=jdk.compiler 
java_command: jdk.compiler/com.sun.tools.javac.Main @C:/Users/user/AppData/Local/Temp/org.codehaus.plexus.compiler.javac.JavacCompiler10004181120447036892arguments
java_class_path (initial): <not set>
Launcher Type: SUN_STANDARD

[Global flags]
     intx CICompilerCount                          = 3                                         {product} {ergonomic}
     uint ConcGCThreads                            = 1                                         {product} {ergonomic}
     uint G1ConcRefinementThreads                  = 4                                         {product} {ergonomic}
   size_t G1HeapRegionSize                         = 1048576                                   {product} {ergonomic}
    uintx GCDrainStackTargetSize                   = 64                                        {product} {ergonomic}
   size_t InitialHeapSize                          = 8388608                                   {product} {command line}
   size_t MarkStackSize                            = 4194304                                   {product} {ergonomic}
   size_t MaxHeapSize                              = 2092957696                                {product} {ergonomic}
   size_t MaxNewSize                               = 1255145472                                {product} {ergonomic}
   size_t MinHeapDeltaBytes                        = 1048576                                   {product} {ergonomic}
   size_t MinHeapSize                              = 8388608                                   {product} {command line}
    uintx NonNMethodCodeHeapSize                   = 5832780                                {pd product} {ergonomic}
    uintx NonProfiledCodeHeapSize                  = 122912730                              {pd product} {ergonomic}
    uintx ProfiledCodeHeapSize                     = 122912730                              {pd product} {ergonomic}
    uintx ReservedCodeCacheSize                    = 251658240                              {pd product} {ergonomic}
     bool SegmentedCodeCache                       = true                                      {product} {ergonomic}
   size_t SoftMaxHeapSize                          = 2092957696                             {manageable} {ergonomic}
     bool UseCompressedClassPointers               = true                           {product lp64_product} {ergonomic}
     bool UseCompressedOops                        = true                           {product lp64_product} {ergonomic}
     bool UseG1GC                                  = true                                      {product} {ergonomic}
     bool UseLargePagesIndividualAllocation        = false                                  {pd product} {ergonomic}

Logging:
Log output configuration:
 #0: stdout all=warning uptime,level,tags
 #1: stderr all=off uptime,level,tags

Environment Variables:
PATH=C:\Users\user\bin;C:\Program Files\Git\mingw64\bin;C:\Program Files\Git\usr\local\bin;C:\Program Files\Git\usr\bin;C:\Program Files\Git\usr\bin;C:\Program Files\Git\mingw64\bin;C:\Program Files\Git\usr\bin;C:\Users\user\bin;C:\Program Files\Zulu\zulu-17-jre\bin;C:\Program Files\Common Files\Oracle\Java\javapath;C:\Program Files (x86)\Common Files\Oracle\Java\java8path;C:\Program Files (x86)\Common Files\Oracle\Java\javapath;C:\Program Files\Java\jdk-17\bin;C:\Windows\system32;C:\Windows;C:\Windows\System32\Wbem;C:\Users\user\Downloads\apache-maven-3.8.9-bin\apache-maven-3.8.9\bin;C:\Windows\System32\WindowsPowerShell\v1.0;C:\Program Files\Broadcom\Broadcom 802.11;C:\Program Files (x86)\Skype\Phone;C:\Program Files\Git\cmd;C:\Users\user\Downloads\apache-maven-3.8.9-bin\apache-maven-3.8.9\bin;C:\Program Files\Git\usr\bin\vendor_perl;C:\Program Files\Git\usr\bin\core_perl
USERNAME=user
SHELL=C:\Program Files\Git\usr\bin\bash.exe
DISPLAY=needs-to-be-defined
LC_CTYPE=fr_FR.UTF-8
OS=Windows_NT
PROCESSOR_IDENTIFIER=Intel64 Family 6 Model 37 Stepping 5, GenuineIntel



---------------  S Y S T E M  ---------------

OS:
 Windows 7 , 64 bit Build 7601 (6.1.7601.18409)
OS uptime: 0 days 20:40 hours

CPU: total 4 (initial active 4) (2 cores per cpu, 2 threads per core) family 6 model 37 stepping 5 microcode 0x0, cx8, cmov, fxsr, ht, mmx, sse, sse2, sse3, ssse3, sse4.1, sse4.2, popcnt, tsc, tscinvbit, aes, clmul, clflush

Memory: 4k page, system-wide physical 7983M (682M free)
TotalPageFile size 12702M (AvailPageFile size 14M)
current process WorkingSet (physical memory assigned to process): 121M, peak: 126M
current process commit charge ("private bytes"): 162M, peak: 170M

vm_info: Java HotSpot(TM) 64-Bit Server VM (17.0.12+8-LTS-286) for windows-amd64 JRE (17.0.12+8-LTS-286), built on Jun  5 2024 06:46:59 by "mach5one" with MS VC++ 17.6 (VS2022)

END.
